<?xml version="1.0" encoding="UTF-8"?>
<testsuite xmlns:xsi="http://www.w3.org/2001/XMLSchema-instance" xsi:noNamespaceSchemaLocation="https://maven.apache.org/surefire/maven-surefire-plugin/xsd/surefire-test-report.xsd" name="com.ciandt.summit.bootcamp2022.controller.PlaylistControllerTest" time="0.514" tests="12" errors="0" skipped="0" failures="0">
  <properties>
[...]
</properties>
  <testcase name="shouldDeleteMusicFromPlaylistAndReturn200" classname="com.ciandt.summit.bootcamp2022.controller.PlaylistControllerTest" time="0.008"/>
  <testcase name="shouldDeleteMusicFromPlaylistAndReturn401" classname="com.ciandt.summit.bootcamp2022.controller.PlaylistControllerTest" time="0.006"/>
  <testcase name="shouldSaveMusicToPlaylistAndReturn400WhenPlaylistNotExist" classname="com.ciandt.summit.bootcamp2022.controller.PlaylistControllerTest" time="0.009"/>
  <testcase name="shouldSaveMusicToPlaylistAndReturn201WhenCommomLess5" classname="com.ciandt.summit.bootcamp2022.controller.PlaylistControllerTest" time="0.012"/>
  <testcase name="shouldSaveMusicToPlaylistAndReturn400WhenMusicNotExist" classname="com.ciandt.summit.bootcamp2022.controller.PlaylistControllerTest" time="0.006"/>
  <testcase name="shouldSaveMusicToPlaylistAndReturn401" classname="com.ciandt.summit.bootcamp2022.controller.PlaylistControllerTest" time="0.007"/>
  <testcase name="shouldDeleteMusicDontExistFromPlaylistAndReturn400" classname="com.ciandt.summit.bootcamp2022.controller.PlaylistControllerTest" time="0.007"/>
  <testcase name="shouldSaveMusicToPlaylistAndReturn201WhenPremum" classname="com.ciandt.summit.bootcamp2022.controller.PlaylistControllerTest" time="0.005"/>
  <testcase name="shouldDeleteMusicFromPlaylistDontExistAndReturn400" classname="com.ciandt.summit.bootcamp2022.controller.PlaylistControllerTest" time="0.005"/>
  <testcase name="shouldDeleteMusicFromPlaylistAndReturnWithoutAuthorization401" classname="com.ciandt.summit.bootcamp2022.controller.PlaylistControllerTest" time="0.005"/>
  <testcase name="shouldSaveMusicToPlaylistAndReturn400WhenCommomPlus5" classname="com.ciandt.summit.bootcamp2022.controller.PlaylistControllerTest" time="0.006"/>
  <testcase name="shouldSaveMusicToPlaylistAndReturn400WhenMusicAlreadyExistInPlaylist" classname="com.ciandt.summit.bootcamp2022.controller.PlaylistControllerTest" time="0.006"/>
</testsuite>